2020-09-25 00:12:39.716  INFO 28983 --- [XNIO-1 task-10] l.server.player.AudioLoaderRestHandler   : GET /loadtracks
2020-09-25 00:12:40.269  INFO 28983 --- [lava-daemon-pool-info-loader-2-thread-1] lavalink.server.player.AudioLoader       : Loaded playlist Search results for: el pubelo unido (nuevo)
2020-09-25 00:12:45.641  INFO 28983 --- [XNIO-1 I/O-1] lavalink.server.io.SocketServer          : {"op": "play", "guildId": "489130660292722689", "track": "QAAAgQIAF0VsIFB1ZWJsbyBVbmlkbyAoTnVldm8pABBSdXNza2FqYSAtIFRvcGljAAAAAAAD4DAAC2ZJd0haTkxDdklFAAEAK2h0dHBzOi8vd3d3LnlvdXR1YmUuY29tL3dhdGNoP3Y9Zkl3SFpOTEN2SUUAB3lvdXR1YmUAAAAAAAAAAA=="}
2020-09-25 00:12:46.041  INFO 28983 --- [XNIO-1 I/O-1] lavalink.server.io.SocketServer          : {"op": "voiceUpdate", "guildId": "489130660292722689", "sessionId": "2626d0f1d166fabc12d1a3de45a16a17", "event": {"token": "1a18e0469f92e88f", "guild_id": "489130660292722689", "endpoint": "us-west3393.discord.media:443"}}
2020-09-25 00:12:53.591  INFO 28983 --- [parallel-2] s.n.m.impl.connections.AudioWebSocket    : Websocket to wss://us-west3393.discord.media:443/?v=4 closed with code 4014 and reason Disconnected.
2020-09-25 00:12:53.591  INFO 28983 --- [parallel-2] s.n.m.impl.connections.AudioWebSocket    : Closing
2020-09-25 00:13:25.519  INFO 28983 --- [XNIO-1 task-12] l.server.player.AudioLoaderRestHandler   : GET /loadtracks
2020-09-25 00:13:26.031  INFO 28983 --- [lava-daemon-pool-info-loader-2-thread-1] lavalink.server.player.AudioLoader       : Loaded playlist Search results for: 1
2020-09-25 00:14:19.197  INFO 28983 --- [XNIO-1 task-14] l.server.player.AudioLoaderRestHandler   : GET /loadtracks
2020-09-25 00:14:19.745  INFO 28983 --- [lava-daemon-pool-info-loader-2-thread-1] lavalink.server.player.AudioLoader       : Loaded playlist Search results for: el pubelo unido (nuevo)
2020-09-25 00:14:23.847  INFO 28983 --- [XNIO-1 I/O-1] lavalink.server.io.SocketServer          : {"op": "play", "guildId": "489130660292722689", "track": "QAAAgQIAF0VsIFB1ZWJsbyBVbmlkbyAoTnVldm8pABBSdXNza2FqYSAtIFRvcGljAAAAAAAD4DAAC2ZJd0haTkxDdklFAAEAK2h0dHBzOi8vd3d3LnlvdXR1YmUuY29tL3dhdGNoP3Y9Zkl3SFpOTEN2SUUAB3lvdXR1YmUAAAAAAAAAAA=="}
2020-09-25 00:14:23.980  INFO 28983 --- [XNIO-1 I/O-1] lavalink.server.io.SocketServer          : {"op": "voiceUpdate", "guildId": "489130660292722689", "sessionId": "2626d0f1d166fabc12d1a3de45a16a17", "event": {"token": "3b3b7fa8de554129", "guild_id": "489130660292722689", "endpoint": "us-west3393.discord.media:443"}}
2020-09-25 00:18:37.731  INFO 28983 --- [XNIO-1 I/O-1] lavalink.server.io.SocketServer          : {"op": "stop", "guildId": "489130660292722689"}
2020-09-25 00:18:38.116  INFO 28983 --- [parallel-1] s.n.m.impl.connections.AudioWebSocket    : Websocket to wss://us-west3393.discord.media:443/?v=4 closed with code 4014 and reason Disconnected.
2020-09-25 00:18:38.117  INFO 28983 --- [parallel-1] s.n.m.impl.connections.AudioWebSocket    : Closing
2020-09-25 00:56:21.420  INFO 28983 --- [XNIO-1 I/O-1] lavalink.server.io.SocketServer          : Connection closed from /0:0:0:0:0:0:0:1:33140 with status CloseStatus[code=1006, reason=] -- Session can be resumed within the next 60 seconds with key music-node
2020-09-25 00:57:02.154  INFO 28983 --- [XNIO-1 task-16] l.server.io.HandshakeInterceptorImpl     : Incoming connection from /0:0:0:0:0:0:0:1:33254
2020-09-25 00:57:02.175  INFO 28983 --- [XNIO-1 task-16] lavalink.server.io.SocketServer          : Connection successfully established from /0:0:0:0:0:0:0:1:33254
2020-09-25 00:57:02.177  INFO 28983 --- [XNIO-1 I/O-1] lavalink.server.io.SocketServer          : {"op": "configureResuming", "key": "music-node", "timeout": 60}
2020-09-25 00:57:21.420  INFO 28983 --- [pool-57-thread-1] lavalink.server.io.SocketContext         : Shutting down 0 playing players.
2020-09-25 00:59:15.516  INFO 28983 --- [XNIO-1 I/O-1] lavalink.server.io.SocketServer          : Connection closed from /0:0:0:0:0:0:0:1:33254 with status CloseStatus[code=1006, reason=] -- Session can be resumed within the next 60 seconds with key music-node
2020-09-25 01:00:15.516  INFO 28983 --- [pool-58-thread-1] lavalink.server.io.SocketContext         : Shutting down 0 playing players.
2020-09-25 01:00:57.764  INFO 28983 --- [XNIO-1 task-1] l.server.io.HandshakeInterceptorImpl     : Incoming connection from /0:0:0:0:0:0:0:1:33264
2020-09-25 01:00:57.792  INFO 28983 --- [XNIO-1 task-1] lavalink.server.io.SocketServer          : Connection successfully established from /0:0:0:0:0:0:0:1:33264
2020-09-25 01:00:57.795  INFO 28983 --- [XNIO-1 I/O-1] lavalink.server.io.SocketServer          : {"op": "configureResuming", "key": "music-node", "timeout": 60}
2020-09-25 01:01:37.994  INFO 28983 --- [XNIO-1 I/O-1] lavalink.server.io.SocketServer          : Connection closed from /0:0:0:0:0:0:0:1:33264 with status CloseStatus[code=1006, reason=] -- Session can be resumed within the next 60 seconds with key music-node
2020-09-25 01:02:37.995  INFO 28983 --- [pool-59-thread-1] lavalink.server.io.SocketContext         : Shutting down 0 playing players.
2020-09-25 01:04:35.776  INFO 28983 --- [XNIO-1 task-2] l.server.io.HandshakeInterceptorImpl     : Incoming connection from /0:0:0:0:0:0:0:1:33274
2020-09-25 01:04:35.788  INFO 28983 --- [XNIO-1 task-2] lavalink.server.io.SocketServer          : Connection successfully established from /0:0:0:0:0:0:0:1:33274
2020-09-25 01:04:35.793  INFO 28983 --- [XNIO-1 I/O-1] lavalink.server.io.SocketServer          : {"op": "configureResuming", "key": "music-node", "timeout": 60}
2020-09-25 01:04:54.617  INFO 28983 --- [XNIO-1 I/O-1] lavalink.server.io.SocketServer          : Connection closed from /0:0:0:0:0:0:0:1:33274 with status CloseStatus[code=1006, reason=] -- Session can be resumed within the next 60 seconds with key music-node
2020-09-25 01:05:18.364  INFO 28983 --- [XNIO-1 task-3] l.server.io.HandshakeInterceptorImpl     : Incoming connection from /0:0:0:0:0:0:0:1:33280
2020-09-25 01:05:18.373  INFO 28983 --- [XNIO-1 task-3] lavalink.server.io.SocketServer          : Connection successfully established from /0:0:0:0:0:0:0:1:33280
2020-09-25 01:05:18.374  INFO 28983 --- [XNIO-1 I/O-1] lavalink.server.io.SocketServer          : {"op": "configureResuming", "key": "music-node", "timeout": 60}
2020-09-25 01:05:27.268  WARN 28983 --- [XNIO-1 I/O-1] lavalink.server.io.SocketServer          : Shutdown resumable session with key music-node because it has the same key as a newly disconnected resumable session.
2020-09-25 01:05:27.268  INFO 28983 --- [XNIO-1 I/O-1] lavalink.server.io.SocketContext         : Shutting down 0 playing players.
2020-09-25 01:05:27.268  INFO 28983 --- [XNIO-1 I/O-1] lavalink.server.io.SocketServer          : Connection closed from /0:0:0:0:0:0:0:1:33280 with status CloseStatus[code=1006, reason=] -- Session can be resumed within the next 60 seconds with key music-node
2020-09-25 01:05:54.617  INFO 28983 --- [pool-60-thread-1] lavalink.server.io.SocketContext         : Shutting down 0 playing players.
2020-09-25 01:06:27.269  INFO 28983 --- [pool-61-thread-1] lavalink.server.io.SocketContext         : Shutting down 0 playing players.
2020-09-25 01:06:30.149  INFO 28983 --- [XNIO-1 task-4] l.server.io.HandshakeInterceptorImpl     : Incoming connection from /0:0:0:0:0:0:0:1:33286
2020-09-25 01:06:30.158  INFO 28983 --- [XNIO-1 task-4] lavalink.server.io.SocketServer          : Connection successfully established from /0:0:0:0:0:0:0:1:33286
2020-09-25 01:06:30.166  INFO 28983 --- [XNIO-1 I/O-1] lavalink.server.io.SocketServer          : {"op": "configureResuming", "key": "music-node", "timeout": 60}
2020-09-25 01:06:47.806  INFO 28983 --- [XNIO-1 task-5] l.server.player.AudioLoaderRestHandler   : GET /loadtracks
2020-09-25 01:06:48.378  INFO 28983 --- [lava-daemon-pool-info-loader-2-thread-1] lavalink.server.player.AudioLoader       : Loaded playlist Search results for: strobe
2020-09-25 01:06:52.038  INFO 28983 --- [XNIO-1 I/O-1] lavalink.server.io.SocketServer          : {"op": "play", "guildId": "489130660292722689", "track": "QAAAdgIAEWRlYWRtYXU1IC0gU3Ryb2JlAAtVbHRyYSBNdXNpYwAAAAAACbhIAAt0S2k5Wi1mNnFYNAABACtodHRwczovL3d3dy55b3V0dWJlLmNvbS93YXRjaD92PXRLaTlaLWY2cVg0AAd5b3V0dWJlAAAAAAAAAAA="}
2020-09-25 01:06:52.171  INFO 28983 --- [XNIO-1 I/O-1] lavalink.server.io.SocketServer          : {"op": "voiceUpdate", "guildId": "489130660292722689", "sessionId": "bdf043b3e29654aa279298c63e8d261e", "event": {"token": "bf087d8687824bd5", "guild_id": "489130660292722689", "endpoint": "us-west9010.discord.media:443"}}
2020-09-25 01:07:17.112  INFO 28983 --- [XNIO-1 I/O-1] lavalink.server.io.SocketServer          : Connection closed from /0:0:0:0:0:0:0:1:33286 with status CloseStatus[code=1006, reason=] -- Session can be resumed within the next 60 seconds with key music-node
2020-09-25 01:07:52.721  INFO 28983 --- [XNIO-1 task-7] l.server.io.HandshakeInterceptorImpl     : Incoming connection from /0:0:0:0:0:0:0:1:33306
2020-09-25 01:07:52.731  INFO 28983 --- [XNIO-1 task-7] lavalink.server.io.SocketServer          : Connection successfully established from /0:0:0:0:0:0:0:1:33306
2020-09-25 01:07:52.732  INFO 28983 --- [XNIO-1 I/O-1] lavalink.server.io.SocketServer          : {"op": "configureResuming", "key": "music-node", "timeout": 60}
2020-09-25 01:07:56.389  INFO 28983 --- [XNIO-1 task-8] l.server.player.AudioLoaderRestHandler   : GET /loadtracks
2020-09-25 01:07:56.792  INFO 28983 --- [lava-daemon-pool-info-loader-2-thread-1] lavalink.server.player.AudioLoader       : Loaded playlist Search results for: d
2020-09-25 01:07:59.485  INFO 28983 --- [XNIO-1 I/O-1] lavalink.server.io.SocketServer          : {"op": "play", "guildId": "489130660292722689", "track": "QAAAjAIAKEFkZGlzb24gUmFlIGZpZ2h0IHdpdGggQ2hhcmxpIEQnYW1lbGlvISEAClRvcDExU3BlZWQAAAAAAAnfWAALM0RVSlhEdlJ2eUkAAQAraHR0cHM6Ly93d3cueW91dHViZS5jb20vd2F0Y2g/dj0zRFVKWER2UnZ5SQAHeW91dHViZQAAAAAAAAAA"}
2020-09-25 01:07:59.618  INFO 28983 --- [XNIO-1 I/O-1] lavalink.server.io.SocketServer          : {"op": "voiceUpdate", "guildId": "489130660292722689", "sessionId": "d06670baf343a9edc86c0c51e583542d", "event": {"token": "bf087d8687824bd5", "guild_id": "489130660292722689", "endpoint": "us-west9010.discord.media:443"}}
2020-09-25 01:08:09.823  INFO 28983 --- [XNIO-1 I/O-1] lavalink.server.io.SocketServer          : {"op": "stop", "guildId": "489130660292722689"}
2020-09-25 01:08:09.945  INFO 28983 --- [parallel-1] s.n.m.impl.connections.AudioWebSocket    : Websocket to wss://us-west9010.discord.media:443/?v=4 closed with code 4014 and reason Disconnected.
2020-09-25 01:08:09.945  INFO 28983 --- [parallel-1] s.n.m.impl.connections.AudioWebSocket    : Closing
2020-09-25 01:08:17.112  INFO 28983 --- [pool-62-thread-1] lavalink.server.io.SocketContext         : Shutting down 1 playing players.
2020-09-25 01:08:36.817  INFO 28983 --- [XNIO-1 I/O-1] lavalink.server.io.SocketServer          : Connection closed from /0:0:0:0:0:0:0:1:33306 with status CloseStatus[code=1006, reason=] -- Session can be resumed within the next 60 seconds with key music-node
2020-09-25 01:09:36.817  INFO 28983 --- [pool-63-thread-1] lavalink.server.io.SocketContext         : Shutting down 0 playing players.
2020-09-25 01:13:46.806  INFO 28983 --- [XNIO-1 task-10] l.server.io.HandshakeInterceptorImpl     : Incoming connection from /0:0:0:0:0:0:0:1:33320
2020-09-25 01:13:46.817  INFO 28983 --- [XNIO-1 task-10] lavalink.server.io.SocketServer          : Connection successfully established from /0:0:0:0:0:0:0:1:33320
2020-09-25 01:13:46.818  INFO 28983 --- [XNIO-1 I/O-1] lavalink.server.io.SocketServer          : {"op": "configureResuming", "key": "music-node", "timeout": 60}
2020-09-25 01:13:54.072  INFO 28983 --- [XNIO-1 task-11] l.server.player.AudioLoaderRestHandler   : GET /loadtracks
2020-09-25 01:13:54.611  INFO 28983 --- [lava-daemon-pool-info-loader-2-thread-1] lavalink.server.player.AudioLoader       : Loaded playlist Search results for: d
2020-09-25 01:13:56.556  INFO 28983 --- [XNIO-1 I/O-1] lavalink.server.io.SocketServer          : {"op": "play", "guildId": "489130660292722689", "track": "QAAAjAIAKEFkZGlzb24gUmFlIGZpZ2h0IHdpdGggQ2hhcmxpIEQnYW1lbGlvISEAClRvcDExU3BlZWQAAAAAAAnfWAALM0RVSlhEdlJ2eUkAAQAraHR0cHM6Ly93d3cueW91dHViZS5jb20vd2F0Y2g/dj0zRFVKWER2UnZ5SQAHeW91dHViZQAAAAAAAAAA"}
2020-09-25 01:13:56.697  INFO 28983 --- [XNIO-1 I/O-1] lavalink.server.io.SocketServer          : {"op": "voiceUpdate", "guildId": "489130660292722689", "sessionId": "33dcfa51334bc5ff550f31c764666efe", "event": {"token": "6c5ca53c21aa18d2", "guild_id": "489130660292722689", "endpoint": "us-west9010.discord.media:443"}}
2020-09-25 01:14:17.065  INFO 28983 --- [XNIO-1 I/O-1] lavalink.server.io.SocketServer          : Connection closed from /0:0:0:0:0:0:0:1:33320 with status CloseStatus[code=1006, reason=] -- Session can be resumed within the next 60 seconds with key music-node
2020-09-25 01:15:17.066  INFO 28983 --- [pool-64-thread-1] lavalink.server.io.SocketContext         : Shutting down 1 playing players.
2020-09-25 01:19:36.579  INFO 28983 --- [XNIO-1 task-13] l.server.io.HandshakeInterceptorImpl     : Incoming connection from /0:0:0:0:0:0:0:1:33342
2020-09-25 01:19:36.603  INFO 28983 --- [XNIO-1 task-13] lavalink.server.io.SocketServer          : Connection successfully established from /0:0:0:0:0:0:0:1:33342
2020-09-25 01:19:36.604  INFO 28983 --- [XNIO-1 I/O-1] lavalink.server.io.SocketServer          : {"op": "configureResuming", "key": "music-node", "timeout": 60}
2020-09-25 02:48:58.786  INFO 28983 --- [XNIO-1 task-14] l.server.player.AudioLoaderRestHandler   : GET /loadtracks
2020-09-25 02:48:59.408  INFO 28983 --- [lava-daemon-pool-info-loader-2-thread-1] lavalink.server.player.AudioLoader       : Loaded playlist Search results for: el pubelo unido (nuevo)
2020-09-25 02:49:05.174  INFO 28983 --- [XNIO-1 I/O-1] lavalink.server.io.SocketServer          : {"op": "play", "guildId": "489130660292722689", "track": "QAAAgQIAF0VsIFB1ZWJsbyBVbmlkbyAoTnVldm8pABBSdXNza2FqYSAtIFRvcGljAAAAAAAD4DAAC2ZJd0haTkxDdklFAAEAK2h0dHBzOi8vd3d3LnlvdXR1YmUuY29tL3dhdGNoP3Y9Zkl3SFpOTEN2SUUAB3lvdXR1YmUAAAAAAAAAAA=="}
2020-09-25 02:49:05.289  INFO 28983 --- [XNIO-1 I/O-1] lavalink.server.io.SocketServer          : {"op": "voiceUpdate", "guildId": "489130660292722689", "sessionId": "bb9806d82aab189aa8c17b86ad69fecf", "event": {"token": "dbf1dc84ff9e9540", "guild_id": "489130660292722689", "endpoint": "us-west164.discord.media:443"}}
2020-09-25 02:53:19.030  INFO 28983 --- [XNIO-1 I/O-1] lavalink.server.io.SocketServer          : {"op": "stop", "guildId": "489130660292722689"}
2020-09-25 02:53:19.126  INFO 28983 --- [parallel-1] s.n.m.impl.connections.AudioWebSocket    : Websocket to wss://us-west164.discord.media:443/?v=4 closed with code 4014 and reason Disconnected.
2020-09-25 02:53:19.126  INFO 28983 --- [parallel-1] s.n.m.impl.connections.AudioWebSocket    : Closing
